0 info it worked if it ends with ok
1 verbose cli [ '/home/dbteam/.nvm/versions/io.js/v3.3.1/bin/iojs',
1 verbose cli   '/home/dbteam/.nvm/versions/io.js/v3.3.1/bin/npm',
1 verbose cli   'run',
1 verbose cli   'start' ]
2 info using npm@2.14.3
3 info using node@v3.3.1
4 verbose config Skipping project config: /home/dbteam/.npmrc. (matches userconfig)
5 verbose run-script [ 'prestart', 'start', 'poststart' ]
6 info prestart test@1.0.0
7 info start test@1.0.0
8 verbose unsafe-perm in lifecycle true
9 info test@1.0.0 Failed to exec start script
10 verbose stack Error: test@1.0.0 start: `nodemon app.js`
10 verbose stack Exit status 1
10 verbose stack     at EventEmitter.<anonymous> (/home/dbteam/.nvm/versions/io.js/v3.3.1/lib/node_modules/npm/lib/utils/lifecycle.js:214:16)
10 verbose stack     at emitTwo (events.js:87:13)
10 verbose stack     at EventEmitter.emit (events.js:172:7)
10 verbose stack     at ChildProcess.<anonymous> (/home/dbteam/.nvm/versions/io.js/v3.3.1/lib/node_modules/npm/lib/utils/spawn.js:24:14)
10 verbose stack     at emitTwo (events.js:87:13)
10 verbose stack     at ChildProcess.emit (events.js:172:7)
10 verbose stack     at maybeClose (internal/child_process.js:764:16)
10 verbose stack     at Process.ChildProcess._handle.onexit (internal/child_process.js:211:5)
11 verbose pkgid test@1.0.0
12 verbose cwd /home/dbteam
13 error Linux 5.4.0-91-generic
14 error argv "/home/dbteam/.nvm/versions/io.js/v3.3.1/bin/iojs" "/home/dbteam/.nvm/versions/io.js/v3.3.1/bin/npm" "run" "start"
15 error node v3.3.1
16 error npm  v2.14.3
17 error code ELIFECYCLE
18 error test@1.0.0 start: `nodemon app.js`
18 error Exit status 1
19 error Failed at the test@1.0.0 start script 'nodemon app.js'.
19 error This is most likely a problem with the test package,
19 error not with npm itself.
19 error Tell the author that this fails on your system:
19 error     nodemon app.js
19 error You can get their info via:
19 error     npm owner ls test
19 error There is likely additional logging output above.
20 verbose exit [ 1, true ]
