0 info it worked if it ends with ok
1 verbose cli [ '/usr/bin/node', '/usr/bin/npm', 'start' ]
2 info using npm@6.14.4
3 info using node@v10.19.0
4 verbose config Skipping project config: /home/dbteam/.npmrc. (matches userconfig)
5 verbose run-script [ 'prestart', 'start', 'poststart' ]
6 info lifecycle test@1.0.0~prestart: test@1.0.0
7 info lifecycle test@1.0.0~start: test@1.0.0
8 verbose lifecycle test@1.0.0~start: unsafe-perm in lifecycle true
9 verbose lifecycle test@1.0.0~start: PATH: /usr/share/npm/node_modules/npm-lifecycle/node-gyp-bin:/home/dbteam/node_modules/.bin:/Applications/Sublime Text.app/Contents/SharedSupport/bin:/usr/local/sbin:/usr/local/bin:/usr/sbin:/usr/bin:/sbin:/bin:/usr/games:/usr/local/games:/snap/bin
10 verbose lifecycle test@1.0.0~start: CWD: /home/dbteam
11 silly lifecycle test@1.0.0~start: Args: [ '-c', 'nodemon ./node-test/app.js' ]
12 info lifecycle test@1.0.0~start: Failed to exec start script
13 verbose stack Error: test@1.0.0 start: `nodemon ./node-test/app.js`
13 verbose stack spawn ENOENT
13 verbose stack     at ChildProcess.<anonymous> (/usr/share/npm/node_modules/npm-lifecycle/lib/spawn.js:48:18)
13 verbose stack     at ChildProcess.emit (events.js:198:13)
13 verbose stack     at maybeClose (internal/child_process.js:982:16)
13 verbose stack     at Process.ChildProcess._handle.onexit (internal/child_process.js:259:5)
14 verbose pkgid test@1.0.0
15 verbose cwd /home/dbteam
16 verbose Linux 5.4.0-81-generic
17 verbose argv "/usr/bin/node" "/usr/bin/npm" "start"
18 verbose node v10.19.0
19 verbose npm  v6.14.4
20 error code ELIFECYCLE
21 error syscall spawn
22 error file sh
23 error errno ENOENT
24 error test@1.0.0 start: `nodemon ./node-test/app.js`
24 error spawn ENOENT
25 error Failed at the test@1.0.0 start script.
25 error This is probably not a problem with npm. There is likely additional logging output above.
26 verbose exit [ 1, true ]
