0 info it worked if it ends with ok
1 verbose cli [ '/usr/bin/node', '/usr/bin/npm', 'start' ]
2 info using npm@6.14.4
3 info using node@v10.19.0
4 verbose config Skipping project config: /home/dbteam/.npmrc. (matches userconfig)
5 verbose run-script [ 'prestart', 'start', 'poststart' ]
6 info lifecycle test@1.0.0~prestart: test@1.0.0
7 info lifecycle test@1.0.0~start: test@1.0.0
8 verbose lifecycle test@1.0.0~start: unsafe-perm in lifecycle true
9 verbose lifecycle test@1.0.0~start: PATH: /usr/share/npm/node_modules/npm-lifecycle/node-gyp-bin:/home/dbteam/node_modules/.bin:/Applications/Sublime Text.app/Contents/SharedSupport/bin:/usr/local/sbin:/usr/local/bin:/usr/sbin:/usr/bin:/sbin:/bin:/usr/games:/usr/local/games:/snap/bin
10 verbose lifecycle test@1.0.0~start: CWD: /home/dbteam
11 silly lifecycle test@1.0.0~start: Args: [ '-c', 'nodemon ./node-test/app.js' ]
12 silly lifecycle test@1.0.0~start: Returned: code: 126  signal: null
13 info lifecycle test@1.0.0~start: Failed to exec start script
14 verbose stack Error: test@1.0.0 start: `nodemon ./node-test/app.js`
14 verbose stack Exit status 126
14 verbose stack     at EventEmitter.<anonymous> (/usr/share/npm/node_modules/npm-lifecycle/index.js:332:16)
14 verbose stack     at EventEmitter.emit (events.js:198:13)
14 verbose stack     at ChildProcess.<anonymous> (/usr/share/npm/node_modules/npm-lifecycle/lib/spawn.js:55:14)
14 verbose stack     at ChildProcess.emit (events.js:198:13)
14 verbose stack     at maybeClose (internal/child_process.js:982:16)
14 verbose stack     at Process.ChildProcess._handle.onexit (internal/child_process.js:259:5)
15 verbose pkgid test@1.0.0
16 verbose cwd /home/dbteam
17 verbose Linux 5.4.0-81-generic
18 verbose argv "/usr/bin/node" "/usr/bin/npm" "start"
19 verbose node v10.19.0
20 verbose npm  v6.14.4
21 error code ELIFECYCLE
22 error errno 126
23 error test@1.0.0 start: `nodemon ./node-test/app.js`
23 error Exit status 126
24 error Failed at the test@1.0.0 start script.
24 error This is probably not a problem with npm. There is likely additional logging output above.
25 verbose exit [ 126, true ]
