0 info it worked if it ends with ok
1 verbose cli [ '/usr/bin/node', '/usr/bin/npm', 'run', 'un', 'update' ]
2 info using npm@6.14.4
3 info using node@v10.19.0
4 verbose config Skipping project config: /home/dbteam/.npmrc. (matches userconfig)
5 verbose stack Error: missing script: un
5 verbose stack     at run (/usr/share/npm/lib/run-script.js:155:19)
5 verbose stack     at /usr/share/npm/lib/run-script.js:63:5
5 verbose stack     at /usr/share/nodejs/read-package-json/read-json.js:116:5
5 verbose stack     at /usr/share/nodejs/read-package-json/read-json.js:436:5
5 verbose stack     at checkBinReferences_ (/usr/share/nodejs/read-package-json/read-json.js:391:45)
5 verbose stack     at final (/usr/share/nodejs/read-package-json/read-json.js:434:3)
5 verbose stack     at then (/usr/share/nodejs/read-package-json/read-json.js:161:5)
5 verbose stack     at /usr/share/nodejs/read-package-json/read-json.js:382:12
5 verbose stack     at /usr/share/nodejs/graceful-fs/graceful-fs.js:115:16
5 verbose stack     at FSReqWrap.readFileAfterClose [as oncomplete] (internal/fs/read_file_context.js:53:3)
6 verbose cwd /home/dbteam
7 verbose Linux 5.4.0-81-generic
8 verbose argv "/usr/bin/node" "/usr/bin/npm" "run" "un" "update"
9 verbose node v10.19.0
10 verbose npm  v6.14.4
11 error missing script: un
12 verbose exit [ 1, true ]
